<?xml version="1.0" encoding="UTF-8"?>
<!-- Generated by org.testng.reporters.JUnitReportReporter -->
<testsuite hostname="LAPTOP-O1IA0A5B" failures="0" tests="3" name="com.tutorialsninja.qa.TestCases.SearchProductTest" time="18.966" errors="0" timestamp="2023-11-27T10:25:34 EST" skipped="0">
  <testcase classname="com.tutorialsninja.qa.TestCases.SearchProductTest" name="verifySearchWithValidProduct" time="6.250"/>
  <testcase classname="com.tutorialsninja.qa.TestCases.SearchProductTest" name="VerifySearchWithInvalidProduct" time="4.965"/>
  <testcase classname="com.tutorialsninja.qa.TestCases.SearchProductTest" name="verifySearchWithNoProduct" time="7.751"/>
</testsuite> <!-- com.tutorialsninja.qa.TestCases.SearchProductTest -->
