<?xml version="1.0" encoding="UTF-8"?>
<!-- Generated by org.testng.reporters.JUnitReportReporter -->
<testsuite hostname="LAPTOP-O1IA0A5B" failures="0" tests="1" name="com.tutorialsninja.qa.TestCases.AddToCartTest" time="55.979" errors="0" timestamp="2023-12-02T10:18:11 EST" skipped="0">
  <testcase classname="com.tutorialsninja.qa.TestCases.AddToCartTest" name="checkingOutValidProduct" time="55.979"/>
</testsuite> <!-- com.tutorialsninja.qa.TestCases.AddToCartTest -->
