<?xml version="1.0" encoding="UTF-8"?>
<!-- Generated by org.testng.reporters.JUnitReportReporter -->
<testsuite hostname="LAPTOP-O1IA0A5B" failures="0" tests="3" name="com.tutorialsninja.qa.TestCases.SearchProductTest" time="14.731" errors="0" timestamp="2023-12-02T10:18:11 EST" skipped="0">
  <testcase classname="com.tutorialsninja.qa.TestCases.SearchProductTest" name="verifySearchWithValidProduct" time="4.882"/>
  <testcase classname="com.tutorialsninja.qa.TestCases.SearchProductTest" name="VerifySearchWithInvalidProduct" time="4.872"/>
  <testcase classname="com.tutorialsninja.qa.TestCases.SearchProductTest" name="verifySearchWithNoProduct" time="4.977"/>
</testsuite> <!-- com.tutorialsninja.qa.TestCases.SearchProductTest -->
