<?xml version="1.0" encoding="UTF-8"?>
<!-- Generated by org.testng.reporters.JUnitReportReporter -->
<testsuite hostname="LAPTOP-O1IA0A5B" failures="0" tests="1" name="com.tutorialsninja.qa.TestCases.AddToCartTest" time="61.478" errors="0" timestamp="2023-11-28T14:12:12 EST" skipped="0">
  <testcase classname="com.tutorialsninja.qa.TestCases.AddToCartTest" name="checkingOutValidProduct" time="61.478"/>
</testsuite> <!-- com.tutorialsninja.qa.TestCases.AddToCartTest -->
