<?xml version="1.0" encoding="UTF-8"?>
<!-- Generated by org.testng.reporters.JUnitReportReporter -->
<testsuite hostname="LAPTOP-O1IA0A5B" failures="0" tests="5" name="com.tutorialsninja.qa.TestCases.RegisterTest" time="32.692" errors="0" timestamp="2023-11-28T14:12:12 EST" skipped="0">
  <testcase classname="com.tutorialsninja.qa.TestCases.RegisterTest" name="verifyRegisterWisthMandatoryFields" time="6.991"/>
  <testcase classname="com.tutorialsninja.qa.TestCases.RegisterTest" name="verifyRegisterWithAllFields" time="6.548"/>
  <testcase classname="com.tutorialsninja.qa.TestCases.RegisterTest" name="verifyRegisterWithExistingEmail" time="5.578"/>
  <testcase classname="com.tutorialsninja.qa.TestCases.RegisterTest" name="verifyingRegisterWithMismatchPassword" time="6.493"/>
  <testcase classname="com.tutorialsninja.qa.TestCases.RegisterTest" name="verifyRegisterWithNoFields" time="7.082"/>
</testsuite> <!-- com.tutorialsninja.qa.TestCases.RegisterTest -->
