<?xml version="1.0" encoding="UTF-8"?>
<!-- Generated by org.testng.reporters.JUnitReportReporter -->
<testsuite hostname="LAPTOP-O1IA0A5B" failures="0" tests="5" name="com.tutorialsninja.qa.TestCases.RegisterTest" time="49.052" errors="0" timestamp="2023-11-27T10:31:02 EST" skipped="0">
  <testcase classname="com.tutorialsninja.qa.TestCases.RegisterTest" name="verifyRegisterWisthMandatoryFields" time="10.782"/>
  <testcase classname="com.tutorialsninja.qa.TestCases.RegisterTest" name="verifyRegisterWithAllFields" time="10.886"/>
  <testcase classname="com.tutorialsninja.qa.TestCases.RegisterTest" name="verifyRegisterWithExistingEmail" time="8.757"/>
  <testcase classname="com.tutorialsninja.qa.TestCases.RegisterTest" name="verifyingRegisterWithMismatchPassword" time="6.830"/>
  <testcase classname="com.tutorialsninja.qa.TestCases.RegisterTest" name="verifyRegisterWithNoFields" time="11.797"/>
</testsuite> <!-- com.tutorialsninja.qa.TestCases.RegisterTest -->
